INFO  [2019-08-22 14:58:37,071+0200] [qtp1306620485-21] org.apache.curator.utils.Compatibility: Running in ZooKeeper 3.4.x compatibility mode
INFO  [2019-08-22 14:58:37,099+0200] [qtp1306620485-21] org.apache.curator.framework.imps.CuratorFrameworkImpl: Starting
INFO  [2019-08-22 14:58:38,344+0200] [qtp1306620485-21] org.apache.curator.framework.imps.CuratorFrameworkImpl: Default schema
INFO  [2019-08-22 14:58:38,419+0200] [qtp1306620485-21-EventThread] org.apache.curator.framework.state.ConnectionStateManager: State change: CONNECTED
WARN  [2019-08-22 14:58:38,471+0200] [qtp1306620485-21] org.gbif.crawler.DatasetProcessServiceImpl: Caught exception trying to retrieve dataset
org.gbif.api.exception.ServiceUnavailableException: Error communicating with ZooKeeper, getting status for e0dbf705-cec4-4dce-a152-fc4ebe14674d: No content to map to Object due to end of input
	at org.gbif.crawler.DatasetProcessServiceImpl.getDatasetProcessStatus(DatasetProcessServiceImpl.java:179)
	at org.gbif.crawler.DatasetProcessServiceImpl.lambda$getDatasetProcessStatuses$0(DatasetProcessServiceImpl.java:247)
	at java.util.concurrent.FutureTask.run(FutureTask.java:266)
	at java.util.concurrent.Executors$RunnableAdapter.call(Executors.java:511)
	at java.util.concurrent.FutureTask.run(FutureTask.java:266)
	at java.util.concurrent.ThreadPoolExecutor.runWorker(ThreadPoolExecutor.java:1149)
	at java.util.concurrent.ThreadPoolExecutor$Worker.run(ThreadPoolExecutor.java:624)
	at java.lang.Thread.run(Thread.java:748)
Caused by: java.io.EOFException: No content to map to Object due to end of input
	at org.codehaus.jackson.map.ObjectMapper._initForReading(ObjectMapper.java:2775)
	at org.codehaus.jackson.map.ObjectMapper._readMapAndClose(ObjectMapper.java:2718)
	at org.codehaus.jackson.map.ObjectMapper.readValue(ObjectMapper.java:1935)
	at org.gbif.crawler.DatasetProcessServiceImpl.getDatasetProcessStatus(DatasetProcessServiceImpl.java:123)
	... 7 common frames omitted
WARN  [2019-08-22 14:58:38,471+0200] [qtp1306620485-21] org.gbif.crawler.DatasetProcessServiceImpl: Caught exception trying to retrieve dataset
org.gbif.api.exception.ServiceUnavailableException: Error communicating with ZooKeeper, getting status for 85339498-f762-11e1-a439-00145eb45e9a: No content to map to Object due to end of input
	at org.gbif.crawler.DatasetProcessServiceImpl.getDatasetProcessStatus(DatasetProcessServiceImpl.java:179)
	at org.gbif.crawler.DatasetProcessServiceImpl.lambda$getDatasetProcessStatuses$0(DatasetProcessServiceImpl.java:247)
	at java.util.concurrent.FutureTask.run(FutureTask.java:266)
	at java.util.concurrent.Executors$RunnableAdapter.call(Executors.java:511)
	at java.util.concurrent.FutureTask.run(FutureTask.java:266)
	at java.util.concurrent.ThreadPoolExecutor.runWorker(ThreadPoolExecutor.java:1149)
	at java.util.concurrent.ThreadPoolExecutor$Worker.run(ThreadPoolExecutor.java:624)
	at java.lang.Thread.run(Thread.java:748)
Caused by: java.io.EOFException: No content to map to Object due to end of input
	at org.codehaus.jackson.map.ObjectMapper._initForReading(ObjectMapper.java:2775)
	at org.codehaus.jackson.map.ObjectMapper._readMapAndClose(ObjectMapper.java:2718)
	at org.codehaus.jackson.map.ObjectMapper.readValue(ObjectMapper.java:1935)
	at org.gbif.crawler.DatasetProcessServiceImpl.getDatasetProcessStatus(DatasetProcessServiceImpl.java:123)
	... 7 common frames omitted
WARN  [2019-08-22 14:58:38,472+0200] [qtp1306620485-21] org.gbif.crawler.DatasetProcessServiceImpl: Caught exception trying to retrieve dataset
org.gbif.api.exception.ServiceUnavailableException: Error communicating with ZooKeeper, getting status for 0310b080-ec4b-11dc-b73e-b8a03c50a862: No content to map to Object due to end of input
	at org.gbif.crawler.DatasetProcessServiceImpl.getDatasetProcessStatus(DatasetProcessServiceImpl.java:179)
	at org.gbif.crawler.DatasetProcessServiceImpl.lambda$getDatasetProcessStatuses$0(DatasetProcessServiceImpl.java:247)
	at java.util.concurrent.FutureTask.run(FutureTask.java:266)
	at java.util.concurrent.Executors$RunnableAdapter.call(Executors.java:511)
	at java.util.concurrent.FutureTask.run(FutureTask.java:266)
	at java.util.concurrent.ThreadPoolExecutor.runWorker(ThreadPoolExecutor.java:1149)
	at java.util.concurrent.ThreadPoolExecutor$Worker.run(ThreadPoolExecutor.java:624)
	at java.lang.Thread.run(Thread.java:748)
Caused by: java.io.EOFException: No content to map to Object due to end of input
	at org.codehaus.jackson.map.ObjectMapper._initForReading(ObjectMapper.java:2775)
	at org.codehaus.jackson.map.ObjectMapper._readMapAndClose(ObjectMapper.java:2718)
	at org.codehaus.jackson.map.ObjectMapper.readValue(ObjectMapper.java:1935)
	at org.gbif.crawler.DatasetProcessServiceImpl.getDatasetProcessStatus(DatasetProcessServiceImpl.java:123)
	... 7 common frames omitted
WARN  [2019-08-22 14:58:38,472+0200] [qtp1306620485-21] org.gbif.crawler.DatasetProcessServiceImpl: Caught exception trying to retrieve dataset
org.gbif.api.exception.ServiceUnavailableException: Error communicating with ZooKeeper, getting status for 7f6dd0f7-9ed4-49c0-bb71-b2a9c7fed9f1: No content to map to Object due to end of input
	at org.gbif.crawler.DatasetProcessServiceImpl.getDatasetProcessStatus(DatasetProcessServiceImpl.java:179)
	at org.gbif.crawler.DatasetProcessServiceImpl.lambda$getDatasetProcessStatuses$0(DatasetProcessServiceImpl.java:247)
	at java.util.concurrent.FutureTask.run(FutureTask.java:266)
	at java.util.concurrent.Executors$RunnableAdapter.call(Executors.java:511)
	at java.util.concurrent.FutureTask.run(FutureTask.java:266)
	at java.util.concurrent.ThreadPoolExecutor.runWorker(ThreadPoolExecutor.java:1149)
	at java.util.concurrent.ThreadPoolExecutor$Worker.run(ThreadPoolExecutor.java:624)
	at java.lang.Thread.run(Thread.java:748)
Caused by: java.io.EOFException: No content to map to Object due to end of input
	at org.codehaus.jackson.map.ObjectMapper._initForReading(ObjectMapper.java:2775)
	at org.codehaus.jackson.map.ObjectMapper._readMapAndClose(ObjectMapper.java:2718)
	at org.codehaus.jackson.map.ObjectMapper.readValue(ObjectMapper.java:1935)
	at org.gbif.crawler.DatasetProcessServiceImpl.getDatasetProcessStatus(DatasetProcessServiceImpl.java:123)
	... 7 common frames omitted
WARN  [2019-08-22 14:58:38,473+0200] [qtp1306620485-21] org.gbif.crawler.DatasetProcessServiceImpl: Caught exception trying to retrieve dataset
org.gbif.api.exception.ServiceUnavailableException: Error communicating with ZooKeeper, getting status for d7dddbf4-2cf0-4f39-9b2a-bb099caae36c: No content to map to Object due to end of input
	at org.gbif.crawler.DatasetProcessServiceImpl.getDatasetProcessStatus(DatasetProcessServiceImpl.java:179)
	at org.gbif.crawler.DatasetProcessServiceImpl.lambda$getDatasetProcessStatuses$0(DatasetProcessServiceImpl.java:247)
	at java.util.concurrent.FutureTask.run(FutureTask.java:266)
	at java.util.concurrent.Executors$RunnableAdapter.call(Executors.java:511)
	at java.util.concurrent.FutureTask.run(FutureTask.java:266)
	at java.util.concurrent.ThreadPoolExecutor.runWorker(ThreadPoolExecutor.java:1149)
	at java.util.concurrent.ThreadPoolExecutor$Worker.run(ThreadPoolExecutor.java:624)
	at java.lang.Thread.run(Thread.java:748)
Caused by: java.io.EOFException: No content to map to Object due to end of input
	at org.codehaus.jackson.map.ObjectMapper._initForReading(ObjectMapper.java:2775)
	at org.codehaus.jackson.map.ObjectMapper._readMapAndClose(ObjectMapper.java:2718)
	at org.codehaus.jackson.map.ObjectMapper.readValue(ObjectMapper.java:1935)
	at org.gbif.crawler.DatasetProcessServiceImpl.getDatasetProcessStatus(DatasetProcessServiceImpl.java:123)
	... 7 common frames omitted
INFO  [2019-08-22 14:59:04,336+0200] [Curator-Framework-0] org.apache.curator.framework.imps.CuratorFrameworkImpl: backgroundOperationsLoop exiting
